<?xml version="1.0" encoding="UTF-8"?>
<testsuite name="hello.hellospring.service.MemberServiceIntegrationTest" tests="1" skipped="0" failures="0" errors="0" timestamp="2023-04-22T14:12:44" hostname="DESKTOP-N9H1778" time="1.264">
  <properties/>
  <testcase name="회원가입()" classname="hello.hellospring.service.MemberServiceIntegrationTest" time="1.264"/>
  <system-out><![CDATA[23:12:32.307 [Test worker] DEBUG org.springframework.test.context.BootstrapUtils - Instantiating CacheAwareContextLoaderDelegate from class [org.springframework.test.context.cache.DefaultCacheAwareContextLoaderDelegate]
23:12:32.331 [Test worker] DEBUG org.springframework.test.context.BootstrapUtils - Instantiating BootstrapContext using constructor [public org.springframework.test.context.support.DefaultBootstrapContext(java.lang.Class,org.springframework.test.context.CacheAwareContextLoaderDelegate)]
23:12:32.399 [Test worker] DEBUG org.springframework.test.context.BootstrapUtils - Instantiating TestContextBootstrapper for test class [hello.hellospring.service.MemberServiceIntegrationTest] from class [org.springframework.boot.test.context.SpringBootTestContextBootstrapper]
23:12:32.422 [Test worker] INFO org.springframework.boot.test.context.SpringBootTestContextBootstrapper - Neither @ContextConfiguration nor @ContextHierarchy found for test class [hello.hellospring.service.MemberServiceIntegrationTest], using SpringBootContextLoader
23:12:32.431 [Test worker] DEBUG org.springframework.test.context.support.AbstractContextLoader - Did not detect default resource location for test class [hello.hellospring.service.MemberServiceIntegrationTest]: class path resource [hello/hellospring/service/MemberServiceIntegrationTest-context.xml] does not exist
23:12:32.431 [Test worker] DEBUG org.springframework.test.context.support.AbstractContextLoader - Did not detect default resource location for test class [hello.hellospring.service.MemberServiceIntegrationTest]: class path resource [hello/hellospring/service/MemberServiceIntegrationTestContext.groovy] does not exist
23:12:32.436 [Test worker] INFO org.springframework.test.context.support.AbstractContextLoader - Could not detect default resource locations for test class [hello.hellospring.service.MemberServiceIntegrationTest]: no resource found for suffixes {-context.xml, Context.groovy}.
23:12:32.437 [Test worker] INFO org.springframework.test.context.support.AnnotationConfigContextLoaderUtils - Could not detect default configuration classes for test class [hello.hellospring.service.MemberServiceIntegrationTest]: MemberServiceIntegrationTest does not declare any static, non-private, non-final, nested classes annotated with @Configuration.
23:12:32.538 [Test worker] DEBUG org.springframework.test.context.support.ActiveProfilesUtils - Could not find an 'annotation declaring class' for annotation type [org.springframework.test.context.ActiveProfiles] and class [hello.hellospring.service.MemberServiceIntegrationTest]
23:12:32.680 [Test worker] DEBUG org.springframework.context.annotation.ClassPathScanningCandidateComponentProvider - Identified candidate component class: file [C:\Users\sun\Desktop\study-main\Spring study\spring\build\classes\java\main\hello\hellospring\HelloSpringApplication.class]
23:12:32.687 [Test worker] INFO org.springframework.boot.test.context.SpringBootTestContextBootstrapper - Found @SpringBootConfiguration hello.hellospring.HelloSpringApplication for test class hello.hellospring.service.MemberServiceIntegrationTest
23:12:32.941 [Test worker] DEBUG org.springframework.boot.test.context.SpringBootTestContextBootstrapper - @TestExecutionListeners is not present for class [hello.hellospring.service.MemberServiceIntegrationTest]: using defaults.
23:12:32.942 [Test worker] INFO org.springframework.boot.test.context.SpringBootTestContextBootstrapper - Loaded default TestExecutionListener class names from location [META-INF/spring.factories]: [org.springframework.boot.test.autoconfigure.restdocs.RestDocsTestExecutionListener, org.springframework.boot.test.autoconfigure.web.client.MockRestServiceServerResetTestExecutionListener, org.springframework.boot.test.autoconfigure.web.servlet.MockMvcPrintOnlyOnFailureTestExecutionListener, org.springframework.boot.test.autoconfigure.web.servlet.WebDriverTestExecutionListener, org.springframework.boot.test.autoconfigure.webservices.client.MockWebServiceServerTestExecutionListener, org.springframework.boot.test.mock.mockito.MockitoTestExecutionListener, org.springframework.boot.test.mock.mockito.ResetMocksTestExecutionListener, org.springframework.test.context.web.ServletTestExecutionListener, org.springframework.test.context.support.DirtiesContextBeforeModesTestExecutionListener, org.springframework.test.context.event.ApplicationEventsTestExecutionListener, org.springframework.test.context.support.DependencyInjectionTestExecutionListener, org.springframework.test.context.support.DirtiesContextTestExecutionListener, org.springframework.test.context.transaction.TransactionalTestExecutionListener, org.springframework.test.context.jdbc.SqlScriptsTestExecutionListener, org.springframework.test.context.event.EventPublishingTestExecutionListener]
23:12:32.978 [Test worker] INFO org.springframework.boot.test.context.SpringBootTestContextBootstrapper - Using TestExecutionListeners: [org.springframework.test.context.web.ServletTestExecutionListener@2b58f754, org.springframework.test.context.support.DirtiesContextBeforeModesTestExecutionListener@3ebff828, org.springframework.test.context.event.ApplicationEventsTestExecutionListener@2552f2cb, org.springframework.boot.test.mock.mockito.MockitoTestExecutionListener@33352f32, org.springframework.boot.test.autoconfigure.SpringBootDependencyInjectionTestExecutionListener@5f3b9c57, org.springframework.test.context.support.DirtiesContextTestExecutionListener@1e044120, org.springframework.test.context.transaction.TransactionalTestExecutionListener@2cf23c81, org.springframework.test.context.jdbc.SqlScriptsTestExecutionListener@3624da92, org.springframework.test.context.event.EventPublishingTestExecutionListener@35fe2125, org.springframework.boot.test.autoconfigure.restdocs.RestDocsTestExecutionListener@94f6bfb, org.springframework.boot.test.autoconfigure.web.client.MockRestServiceServerResetTestExecutionListener@34645867, org.springframework.boot.test.autoconfigure.web.servlet.MockMvcPrintOnlyOnFailureTestExecutionListener@2484f433, org.springframework.boot.test.autoconfigure.web.servlet.WebDriverTestExecutionListener@60b71e8f, org.springframework.boot.test.autoconfigure.webservices.client.MockWebServiceServerTestExecutionListener@1255b1d1, org.springframework.boot.test.mock.mockito.ResetMocksTestExecutionListener@464649c]
23:12:32.987 [Test worker] DEBUG org.springframework.test.context.support.AbstractDirtiesContextTestExecutionListener - Before test class: context [DefaultTestContext@224b4d61 testClass = MemberServiceIntegrationTest, testInstance = [null], testMethod = [null], testException = [null], mergedContextConfiguration = [WebMergedContextConfiguration@5d5d9e5 testClass = MemberServiceIntegrationTest, locations = '{}', classes = '{class hello.hellospring.HelloSpringApplication}', contextInitializerClasses = '[]', activeProfiles = '{}', propertySourceLocations = '{}', propertySourceProperties = '{org.springframework.boot.test.context.SpringBootTestContextBootstrapper=true}', contextCustomizers = set[org.springframework.boot.test.autoconfigure.actuate.metrics.MetricsExportContextCustomizerFactory$DisableMetricExportContextCustomizer@41d426b5, org.springframework.boot.test.autoconfigure.properties.PropertyMappingContextCustomizer@0, org.springframework.boot.test.autoconfigure.web.servlet.WebDriverContextCustomizerFactory$Customizer@45fd9a4d, org.springframework.boot.test.context.filter.ExcludeFilterContextCustomizer@126945f9, org.springframework.boot.test.json.DuplicateJsonObjectContextCustomizerFactory$DuplicateJsonObjectContextCustomizer@b1712f3, org.springframework.boot.test.mock.mockito.MockitoContextCustomizer@0, org.springframework.boot.test.web.client.TestRestTemplateContextCustomizer@6bbe2511, org.springframework.boot.test.context.SpringBootTestArgs@1, org.springframework.boot.test.context.SpringBootTestWebEnvironment@5d7148e2], resourceBasePath = 'src/main/webapp', contextLoader = 'org.springframework.boot.test.context.SpringBootContextLoader', parent = [null]], attributes = map['org.springframework.test.context.web.ServletTestExecutionListener.activateListener' -> true]], class annotated with @DirtiesContext [false] with mode [null].

  .   ____          _            __ _ _
 /\\ / ___'_ __ _ _(_)_ __  __ _ \ \ \ \
( ( )\___ | '_ | '_| | '_ \/ _` | \ \ \ \
 \\/  ___)| |_)| | | | | || (_| |  ) ) ) )
  '  |____| .__|_| |_|_| |_\__, | / / / /
 =========|_|==============|___/=/_/_/_/
 :: Spring Boot ::                (v2.7.9)

2023-04-22 23:12:33.736  INFO 3200 --- [    Test worker] h.h.s.MemberServiceIntegrationTest       : Starting MemberServiceIntegrationTest using Java 17.0.6 on DESKTOP-N9H1778 with PID 3200 (started by sun in C:\Users\sun\Desktop\study-main\Spring study\spring)
2023-04-22 23:12:33.738  INFO 3200 --- [    Test worker] h.h.s.MemberServiceIntegrationTest       : No active profile set, falling back to 1 default profile: "default"
2023-04-22 23:12:35.392  INFO 3200 --- [    Test worker] .s.d.r.c.RepositoryConfigurationDelegate : Bootstrapping Spring Data JPA repositories in DEFAULT mode.
2023-04-22 23:12:35.519  INFO 3200 --- [    Test worker] .s.d.r.c.RepositoryConfigurationDelegate : Finished Spring Data repository scanning in 107 ms. Found 1 JPA repository interfaces.
2023-04-22 23:12:37.379  INFO 3200 --- [    Test worker] o.hibernate.jpa.internal.util.LogHelper  : HHH000204: Processing PersistenceUnitInfo [name: default]
2023-04-22 23:12:37.553  INFO 3200 --- [    Test worker] org.hibernate.Version                    : HHH000412: Hibernate ORM core version 5.6.15.Final
2023-04-22 23:12:37.987  INFO 3200 --- [    Test worker] o.hibernate.annotations.common.Version   : HCANN000001: Hibernate Commons Annotations {5.1.2.Final}
2023-04-22 23:12:38.376  INFO 3200 --- [    Test worker] com.zaxxer.hikari.HikariDataSource       : HikariPool-1 - Starting...
2023-04-22 23:12:38.535  INFO 3200 --- [    Test worker] com.zaxxer.hikari.HikariDataSource       : HikariPool-1 - Start completed.
2023-04-22 23:12:38.617  INFO 3200 --- [    Test worker] org.hibernate.dialect.Dialect            : HHH000400: Using dialect: org.hibernate.dialect.H2Dialect
2023-04-22 23:12:39.938  INFO 3200 --- [    Test worker] o.h.e.t.j.p.i.JtaPlatformInitiator       : HHH000490: Using JtaPlatform implementation: [org.hibernate.engine.transaction.jta.platform.internal.NoJtaPlatform]
2023-04-22 23:12:39.967  INFO 3200 --- [    Test worker] j.LocalContainerEntityManagerFactoryBean : Initialized JPA EntityManagerFactory for persistence unit 'default'
START : execution(MemberService hello.hellospring.Springconfig.memberService())
END : execution(MemberService hello.hellospring.Springconfig.memberService())42ms
2023-04-22 23:12:42.118  WARN 3200 --- [    Test worker] JpaBaseConfiguration$JpaWebConfiguration : spring.jpa.open-in-view is enabled by default. Therefore, database queries may be performed during view rendering. Explicitly configure spring.jpa.open-in-view to disable this warning
2023-04-22 23:12:42.919  INFO 3200 --- [    Test worker] o.s.b.a.w.s.WelcomePageHandlerMapping    : Adding welcome page: class path resource [static/index.html]
2023-04-22 23:12:44.062  INFO 3200 --- [    Test worker] h.h.s.MemberServiceIntegrationTest       : Started MemberServiceIntegrationTest in 10.964 seconds (JVM running for 13.896)
2023-04-22 23:12:44.155  INFO 3200 --- [    Test worker] o.s.t.c.transaction.TransactionContext   : Began transaction (1) for test context [DefaultTestContext@224b4d61 testClass = MemberServiceIntegrationTest, testInstance = hello.hellospring.service.MemberServiceIntegrationTest@24ac87a, testMethod = 회원가입@MemberServiceIntegrationTest, testException = [null], mergedContextConfiguration = [WebMergedContextConfiguration@5d5d9e5 testClass = MemberServiceIntegrationTest, locations = '{}', classes = '{class hello.hellospring.HelloSpringApplication}', contextInitializerClasses = '[]', activeProfiles = '{}', propertySourceLocations = '{}', propertySourceProperties = '{org.springframework.boot.test.context.SpringBootTestContextBootstrapper=true}', contextCustomizers = set[org.springframework.boot.test.autoconfigure.actuate.metrics.MetricsExportContextCustomizerFactory$DisableMetricExportContextCustomizer@41d426b5, org.springframework.boot.test.autoconfigure.properties.PropertyMappingContextCustomizer@0, org.springframework.boot.test.autoconfigure.web.servlet.WebDriverContextCustomizerFactory$Customizer@45fd9a4d, org.springframework.boot.test.context.filter.ExcludeFilterContextCustomizer@126945f9, org.springframework.boot.test.json.DuplicateJsonObjectContextCustomizerFactory$DuplicateJsonObjectContextCustomizer@b1712f3, org.springframework.boot.test.mock.mockito.MockitoContextCustomizer@0, org.springframework.boot.test.web.client.TestRestTemplateContextCustomizer@6bbe2511, org.springframework.boot.test.context.SpringBootTestArgs@1, org.springframework.boot.test.context.SpringBootTestWebEnvironment@5d7148e2], resourceBasePath = 'src/main/webapp', contextLoader = 'org.springframework.boot.test.context.SpringBootContextLoader', parent = [null]], attributes = map['org.springframework.test.context.web.ServletTestExecutionListener.activateListener' -> true, 'org.springframework.test.context.web.ServletTestExecutionListener.populatedRequestContextHolder' -> true, 'org.springframework.test.context.web.ServletTestExecutionListener.resetRequestContextHolder' -> true, 'org.springframework.test.context.event.ApplicationEventsTestExecutionListener.recordApplicationEvents' -> false]]; transaction manager [org.springframework.orm.jpa.JpaTransactionManager@578c99ac]; rollback [true]
START : execution(Long hello.hellospring.service.MemberService.join(Member))
START : execution(Optional hello.hellospring.repository.SpringDataJpaMemberRepository.findByName(String))
Hibernate: select member0_.id as id1_0_, member0_.name as name2_0_ from member member0_ where member0_.name=?
END : execution(Optional hello.hellospring.repository.SpringDataJpaMemberRepository.findByName(String))450ms
START : execution(Member hello.hellospring.repository.MemberRepository.save(Member))
Hibernate: insert into member (id, name) values (default, ?)
END : execution(Member hello.hellospring.repository.MemberRepository.save(Member))88ms
join = 543ms
END : execution(Long hello.hellospring.service.MemberService.join(Member))582ms
START : execution(Optional hello.hellospring.service.MemberService.findOne(Long))
START : execution(Optional hello.hellospring.repository.MemberRepository.findById(Long))
END : execution(Optional hello.hellospring.repository.MemberRepository.findById(Long))24ms
END : execution(Optional hello.hellospring.service.MemberService.findOne(Long))24ms
2023-04-22 23:12:45.379  INFO 3200 --- [    Test worker] o.s.t.c.transaction.TransactionContext   : Rolled back transaction for test: [DefaultTestContext@224b4d61 testClass = MemberServiceIntegrationTest, testInstance = hello.hellospring.service.MemberServiceIntegrationTest@24ac87a, testMethod = 회원가입@MemberServiceIntegrationTest, testException = [null], mergedContextConfiguration = [WebMergedContextConfiguration@5d5d9e5 testClass = MemberServiceIntegrationTest, locations = '{}', classes = '{class hello.hellospring.HelloSpringApplication}', contextInitializerClasses = '[]', activeProfiles = '{}', propertySourceLocations = '{}', propertySourceProperties = '{org.springframework.boot.test.context.SpringBootTestContextBootstrapper=true}', contextCustomizers = set[org.springframework.boot.test.autoconfigure.actuate.metrics.MetricsExportContextCustomizerFactory$DisableMetricExportContextCustomizer@41d426b5, org.springframework.boot.test.autoconfigure.properties.PropertyMappingContextCustomizer@0, org.springframework.boot.test.autoconfigure.web.servlet.WebDriverContextCustomizerFactory$Customizer@45fd9a4d, org.springframework.boot.test.context.filter.ExcludeFilterContextCustomizer@126945f9, org.springframework.boot.test.json.DuplicateJsonObjectContextCustomizerFactory$DuplicateJsonObjectContextCustomizer@b1712f3, org.springframework.boot.test.mock.mockito.MockitoContextCustomizer@0, org.springframework.boot.test.web.client.TestRestTemplateContextCustomizer@6bbe2511, org.springframework.boot.test.context.SpringBootTestArgs@1, org.springframework.boot.test.context.SpringBootTestWebEnvironment@5d7148e2], resourceBasePath = 'src/main/webapp', contextLoader = 'org.springframework.boot.test.context.SpringBootContextLoader', parent = [null]], attributes = map['org.springframework.test.context.web.ServletTestExecutionListener.activateListener' -> true, 'org.springframework.test.context.web.ServletTestExecutionListener.populatedRequestContextHolder' -> true, 'org.springframework.test.context.web.ServletTestExecutionListener.resetRequestContextHolder' -> true, 'org.springframework.test.context.event.ApplicationEventsTestExecutionListener.recordApplicationEvents' -> false]]
]]></system-out>
  <system-err><![CDATA[]]></system-err>
</testsuite>
